25-Oct-2023 00:10:14.886 信息 [main] org.apache.catalina.startup.VersionLoggerListener.log Server.服务器版本: Apache Tomcat/10.1.15
25-Oct-2023 00:10:14.976 信息 [main] org.apache.catalina.startup.VersionLoggerListener.log 服务器构建:        Oct 11 2023 23:38:40 UTC
25-Oct-2023 00:10:14.977 信息 [main] org.apache.catalina.startup.VersionLoggerListener.log 服务器版本号:      10.1.15.0
25-Oct-2023 00:10:14.978 信息 [main] org.apache.catalina.startup.VersionLoggerListener.log 操作系统名称:      Windows Server 2022
25-Oct-2023 00:10:14.979 信息 [main] org.apache.catalina.startup.VersionLoggerListener.log OS.版本:           10.0
25-Oct-2023 00:10:14.979 信息 [main] org.apache.catalina.startup.VersionLoggerListener.log 架构:              amd64
25-Oct-2023 00:10:14.979 信息 [main] org.apache.catalina.startup.VersionLoggerListener.log Java 环境变量:     C:\Program Files\Java\jdk-17
25-Oct-2023 00:10:14.979 信息 [main] org.apache.catalina.startup.VersionLoggerListener.log Java虚拟机版本:    17.0.9+11-LTS-201
25-Oct-2023 00:10:14.980 信息 [main] org.apache.catalina.startup.VersionLoggerListener.log JVM.供应商:        Oracle Corporation
25-Oct-2023 00:10:14.980 信息 [main] org.apache.catalina.startup.VersionLoggerListener.log CATALINA_BASE:     C:\apache-tomcat-10.1.15
25-Oct-2023 00:10:14.980 信息 [main] org.apache.catalina.startup.VersionLoggerListener.log CATALINA_HOME:     C:\apache-tomcat-10.1.15
25-Oct-2023 00:10:14.981 信息 [main] org.apache.catalina.startup.VersionLoggerListener.log 命令行参数：       -Djava.util.logging.config.file=C:\apache-tomcat-10.1.15\conf\logging.properties
25-Oct-2023 00:10:14.983 信息 [main] org.apache.catalina.startup.VersionLoggerListener.log 命令行参数：       -Djava.util.logging.manager=org.apache.juli.ClassLoaderLogManager
25-Oct-2023 00:10:14.983 信息 [main] org.apache.catalina.startup.VersionLoggerListener.log 命令行参数：       -Djdk.tls.ephemeralDHKeySize=2048
25-Oct-2023 00:10:14.984 信息 [main] org.apache.catalina.startup.VersionLoggerListener.log 命令行参数：       -Djava.protocol.handler.pkgs=org.apache.catalina.webresources
25-Oct-2023 00:10:14.985 信息 [main] org.apache.catalina.startup.VersionLoggerListener.log 命令行参数：       --add-opens=java.base/java.lang=ALL-UNNAMED
25-Oct-2023 00:10:15.183 信息 [main] org.apache.catalina.startup.VersionLoggerListener.log 命令行参数：       --add-opens=java.base/java.io=ALL-UNNAMED
25-Oct-2023 00:10:15.184 信息 [main] org.apache.catalina.startup.VersionLoggerListener.log 命令行参数：       --add-opens=java.base/java.util=ALL-UNNAMED
25-Oct-2023 00:10:15.185 信息 [main] org.apache.catalina.startup.VersionLoggerListener.log 命令行参数：       --add-opens=java.base/java.util.concurrent=ALL-UNNAMED
25-Oct-2023 00:10:15.186 信息 [main] org.apache.catalina.startup.VersionLoggerListener.log 命令行参数：       --add-opens=java.rmi/sun.rmi.transport=ALL-UNNAMED
25-Oct-2023 00:10:15.187 信息 [main] org.apache.catalina.startup.VersionLoggerListener.log 命令行参数：       -Dcatalina.base=C:\apache-tomcat-10.1.15
25-Oct-2023 00:10:15.187 信息 [main] org.apache.catalina.startup.VersionLoggerListener.log 命令行参数：       -Dcatalina.home=C:\apache-tomcat-10.1.15
25-Oct-2023 00:10:15.188 信息 [main] org.apache.catalina.startup.VersionLoggerListener.log 命令行参数：       -Djava.io.tmpdir=C:\apache-tomcat-10.1.15\temp
25-Oct-2023 00:10:15.191 信息 [main] org.apache.catalina.core.AprLifecycleListener.lifecycleEvent 使用APR版本[1.7.4]加载了基于APR的Apache Tomcat本机库[2.0.6]。
25-Oct-2023 00:10:15.201 信息 [main] org.apache.catalina.core.AprLifecycleListener.initializeSSL OpenSSL成功初始化 [OpenSSL 3.0.11 19 Sep 2023]
25-Oct-2023 00:10:15.681 信息 [main] org.apache.coyote.AbstractProtocol.init 初始化协议处理器 ["http-nio-80"]
25-Oct-2023 00:10:15.824 信息 [main] org.apache.catalina.startup.Catalina.load 服务器在[1289]毫秒内初始化
25-Oct-2023 00:10:15.987 信息 [main] org.apache.catalina.core.StandardService.startInternal 正在启动服务[Catalina]
25-Oct-2023 00:10:16.003 信息 [main] org.apache.catalina.core.StandardEngine.startInternal 正在启动 Servlet 引擎：[Apache Tomcat/10.1.15]
25-Oct-2023 00:10:16.014 信息 [main] org.apache.catalina.startup.HostConfig.deployDirectory 把web 应用程序部署到目录 [C:\apache-tomcat-10.1.15\webapps\2048]
25-Oct-2023 00:10:16.586 信息 [main] org.apache.catalina.startup.HostConfig.deployDirectory Web应用程序目录[C:\apache-tomcat-10.1.15\webapps\2048]的部署已在[569]毫秒内完成
25-Oct-2023 00:10:16.623 信息 [main] org.apache.catalina.startup.HostConfig.deployDirectory 把web 应用程序部署到目录 [C:\apache-tomcat-10.1.15\webapps\docs]
25-Oct-2023 00:10:16.728 信息 [main] org.apache.catalina.startup.HostConfig.deployDirectory Web应用程序目录[C:\apache-tomcat-10.1.15\webapps\docs]的部署已在[105]毫秒内完成
25-Oct-2023 00:10:16.732 信息 [main] org.apache.catalina.startup.HostConfig.deployDirectory 把web 应用程序部署到目录 [C:\apache-tomcat-10.1.15\webapps\examples]
25-Oct-2023 00:10:17.218 信息 [main] org.apache.catalina.startup.HostConfig.deployDirectory Web应用程序目录[C:\apache-tomcat-10.1.15\webapps\examples]的部署已在[486]毫秒内完成
25-Oct-2023 00:10:17.334 信息 [main] org.apache.catalina.startup.HostConfig.deployDirectory 把web 应用程序部署到目录 [C:\apache-tomcat-10.1.15\webapps\host-manager]
25-Oct-2023 00:10:17.421 信息 [main] org.apache.catalina.startup.HostConfig.deployDirectory Web应用程序目录[C:\apache-tomcat-10.1.15\webapps\host-manager]的部署已在[87]毫秒内完成
25-Oct-2023 00:10:17.506 信息 [main] org.apache.catalina.startup.HostConfig.deployDirectory 把web 应用程序部署到目录 [C:\apache-tomcat-10.1.15\webapps\manager]
25-Oct-2023 00:10:17.568 信息 [main] org.apache.catalina.startup.HostConfig.deployDirectory Web应用程序目录[C:\apache-tomcat-10.1.15\webapps\manager]的部署已在[62]毫秒内完成
25-Oct-2023 00:10:17.584 信息 [main] org.apache.catalina.startup.HostConfig.deployDirectory 把web 应用程序部署到目录 [C:\apache-tomcat-10.1.15\webapps\ROOT]
25-Oct-2023 00:10:17.622 信息 [main] org.apache.catalina.startup.HostConfig.deployDirectory Web应用程序目录[C:\apache-tomcat-10.1.15\webapps\ROOT]的部署已在[37]毫秒内完成
25-Oct-2023 00:10:17.629 信息 [main] org.apache.coyote.AbstractProtocol.start 开始协议处理句柄["http-nio-80"]
25-Oct-2023 00:10:17.724 信息 [main] org.apache.catalina.startup.Catalina.start [1822]毫秒后服务器启动
25-Oct-2023 00:17:27.896 信息 [Catalina-utility-2] org.apache.catalina.startup.HostConfig.deployDirectory 把web 应用程序部署到目录 [C:\apache-tomcat-10.1.15\webapps\Tetris]
25-Oct-2023 00:17:27.940 信息 [Catalina-utility-2] org.apache.catalina.startup.HostConfig.deployDirectory Web应用程序目录[C:\apache-tomcat-10.1.15\webapps\Tetris]的部署已在[43]毫秒内完成
25-Oct-2023 00:18:37.981 信息 [Catalina-utility-1] org.apache.catalina.startup.HostConfig.reload 重新加载上下文[/Tetris]
25-Oct-2023 00:18:37.982 信息 [Catalina-utility-1] org.apache.catalina.core.StandardContext.reload 已开始重新加载名为[/Tetris]的上下文
25-Oct-2023 00:18:38.065 信息 [Catalina-utility-1] org.apache.catalina.core.StandardContext.reload 已完成重新加载名为[/Tetris]的上下文
25-Oct-2023 00:19:48.105 信息 [Catalina-utility-2] org.apache.catalina.startup.HostConfig.reload 重新加载上下文[]
25-Oct-2023 00:19:48.105 信息 [Catalina-utility-2] org.apache.catalina.core.StandardContext.reload 已开始重新加载名为[]的上下文
25-Oct-2023 00:19:48.139 信息 [Catalina-utility-2] org.apache.catalina.core.StandardContext.reload 已完成重新加载名为[]的上下文
25-Oct-2023 00:20:58.179 信息 [Catalina-utility-1] org.apache.catalina.startup.HostConfig.deployDirectory 把web 应用程序部署到目录 [C:\apache-tomcat-10.1.15\webapps\map]
25-Oct-2023 00:20:58.201 信息 [Catalina-utility-1] org.apache.catalina.startup.HostConfig.deployDirectory Web应用程序目录[C:\apache-tomcat-10.1.15\webapps\map]的部署已在[21]毫秒内完成
25-Oct-2023 00:21:08.208 信息 [Catalina-utility-2] org.apache.catalina.startup.HostConfig.reload 重新加载上下文[/map]
25-Oct-2023 00:21:08.209 信息 [Catalina-utility-2] org.apache.catalina.core.StandardContext.reload 已开始重新加载名为[/map]的上下文
25-Oct-2023 00:21:08.232 信息 [Catalina-utility-2] org.apache.catalina.core.StandardContext.reload 已完成重新加载名为[/map]的上下文
25-Oct-2023 00:21:18.238 信息 [Catalina-utility-2] org.apache.catalina.startup.HostConfig.reload 重新加载上下文[/map]
25-Oct-2023 00:21:18.238 信息 [Catalina-utility-2] org.apache.catalina.core.StandardContext.reload 已开始重新加载名为[/map]的上下文
25-Oct-2023 00:21:18.266 信息 [Catalina-utility-2] org.apache.catalina.core.StandardContext.reload 已完成重新加载名为[/map]的上下文
25-Oct-2023 00:21:38.278 信息 [Catalina-utility-1] org.apache.catalina.startup.HostConfig.reload 重新加载上下文[/map]
25-Oct-2023 00:21:38.278 信息 [Catalina-utility-1] org.apache.catalina.core.StandardContext.reload 已开始重新加载名为[/map]的上下文
25-Oct-2023 00:21:38.310 信息 [Catalina-utility-1] org.apache.catalina.core.StandardContext.reload 已完成重新加载名为[/map]的上下文
25-Oct-2023 00:21:48.316 信息 [Catalina-utility-1] org.apache.catalina.startup.HostConfig.reload 重新加载上下文[/map]
25-Oct-2023 00:21:48.318 信息 [Catalina-utility-1] org.apache.catalina.core.StandardContext.reload 已开始重新加载名为[/map]的上下文
25-Oct-2023 00:21:48.345 信息 [Catalina-utility-1] org.apache.catalina.core.StandardContext.reload 已完成重新加载名为[/map]的上下文
25-Oct-2023 01:11:29.776 信息 [Catalina-utility-2] org.apache.catalina.startup.HostConfig.deployDirectory 把web 应用程序部署到目录 [C:\apache-tomcat-10.1.15\webapps\game]
25-Oct-2023 01:11:29.817 信息 [Catalina-utility-2] org.apache.catalina.startup.HostConfig.deployDirectory Web应用程序目录[C:\apache-tomcat-10.1.15\webapps\game]的部署已在[42]毫秒内完成
25-Oct-2023 01:12:30.358 信息 [Catalina-utility-1] org.apache.catalina.startup.HostConfig.undeploy 正在取消部署上下文[/Tetris]
25-Oct-2023 01:12:30.868 信息 [Catalina-utility-1] org.apache.catalina.startup.HostConfig.undeploy 正在取消部署上下文[/2048]
25-Oct-2023 01:16:11.495 信息 [Catalina-utility-1] org.apache.catalina.startup.HostConfig.undeploy 正在取消部署上下文[/game]
25-Oct-2023 01:18:32.060 信息 [Catalina-utility-2] org.apache.catalina.startup.HostConfig.undeploy 正在取消部署上下文[/map]
25-Oct-2023 02:40:24.937 信息 [http-nio-80-exec-65] org.apache.coyote.http11.Http11Processor.service 解析 HTTP 请求 header 错误
 注意：HTTP请求解析错误的进一步发生将记录在DEBUG级别。
	java.lang.IllegalArgumentException: 在方法名称[0x000x0e80x880x1510x890x880xb5U0xd20x000x000x000x000x00...]中发现无效的字符串, HTTP 方法名必须是有效的符号.
		at org.apache.coyote.http11.Http11InputBuffer.parseRequestLine(Http11InputBuffer.java:407)
		at org.apache.coyote.http11.Http11Processor.service(Http11Processor.java:264)
		at org.apache.coyote.AbstractProcessorLight.process(AbstractProcessorLight.java:63)
		at org.apache.coyote.AbstractProtocol$ConnectionHandler.process(AbstractProtocol.java:896)
		at org.apache.tomcat.util.net.NioEndpoint$SocketProcessor.doRun(NioEndpoint.java:1744)
		at org.apache.tomcat.util.net.SocketProcessorBase.run(SocketProcessorBase.java:52)
		at org.apache.tomcat.util.threads.ThreadPoolExecutor.runWorker(ThreadPoolExecutor.java:1191)
		at org.apache.tomcat.util.threads.ThreadPoolExecutor$Worker.run(ThreadPoolExecutor.java:659)
		at org.apache.tomcat.util.threads.TaskThread$WrappingRunnable.run(TaskThread.java:61)
		at java.base/java.lang.Thread.run(Thread.java:842)
25-Oct-2023 03:44:26.335 信息 [http-nio-80-exec-60] org.apache.coyote.http11.Http11Processor.service 解析 HTTP 请求 header 错误
 注意：HTTP请求解析错误的进一步发生将记录在DEBUG级别。
	java.lang.IllegalArgumentException: 在方法名称[0x160x030x010x00{0x010x000x00w0x030x030xf3NTK40xad0xf60x12t0xb6&20xae0xe80x06"W%y0x18f0xe10xa40x8b0x02n0xffS0xbd~=;0x000x000x1a0xc0/0xc0+0xc00x110xc00x070xc00x130xc00x090xc00x140xc00x0a0x000x050x00/0x0050xc00x120x000x0a0x010x000x0040x000x050x000x050x010x000x000x000x000x000x0a0x000x080x000x060x000x170x000x180x000x190x000x0b0x000x020x010x000x000x0d0x000x100x000x0e0x040x010x040x030x020x010x020x030x040x010x050x010x060x010xff0x010x000x010x00...]中发现无效的字符串, HTTP 方法名必须是有效的符号.
		at org.apache.coyote.http11.Http11InputBuffer.parseRequestLine(Http11InputBuffer.java:407)
		at org.apache.coyote.http11.Http11Processor.service(Http11Processor.java:264)
		at org.apache.coyote.AbstractProcessorLight.process(AbstractProcessorLight.java:63)
		at org.apache.coyote.AbstractProtocol$ConnectionHandler.process(AbstractProtocol.java:896)
		at org.apache.tomcat.util.net.NioEndpoint$SocketProcessor.doRun(NioEndpoint.java:1744)
		at org.apache.tomcat.util.net.SocketProcessorBase.run(SocketProcessorBase.java:52)
		at org.apache.tomcat.util.threads.ThreadPoolExecutor.runWorker(ThreadPoolExecutor.java:1191)
		at org.apache.tomcat.util.threads.ThreadPoolExecutor$Worker.run(ThreadPoolExecutor.java:659)
		at org.apache.tomcat.util.threads.TaskThread$WrappingRunnable.run(TaskThread.java:61)
		at java.base/java.lang.Thread.run(Thread.java:842)
25-Oct-2023 19:42:32.403 信息 [main] org.apache.catalina.startup.VersionLoggerListener.log Server.服务器版本: Apache Tomcat/10.1.15
25-Oct-2023 19:42:32.419 信息 [main] org.apache.catalina.startup.VersionLoggerListener.log 服务器构建:        Oct 11 2023 23:38:40 UTC
25-Oct-2023 19:42:32.420 信息 [main] org.apache.catalina.startup.VersionLoggerListener.log 服务器版本号:      10.1.15.0
25-Oct-2023 19:42:32.420 信息 [main] org.apache.catalina.startup.VersionLoggerListener.log 操作系统名称:      Windows 11
25-Oct-2023 19:42:32.420 信息 [main] org.apache.catalina.startup.VersionLoggerListener.log OS.版本:           10.0
25-Oct-2023 19:42:32.420 信息 [main] org.apache.catalina.startup.VersionLoggerListener.log 架构:              amd64
25-Oct-2023 19:42:32.420 信息 [main] org.apache.catalina.startup.VersionLoggerListener.log Java 环境变量:     D:\Program\java\java17
25-Oct-2023 19:42:32.420 信息 [main] org.apache.catalina.startup.VersionLoggerListener.log Java虚拟机版本:    17.0.8+9-LTS-211
25-Oct-2023 19:42:32.420 信息 [main] org.apache.catalina.startup.VersionLoggerListener.log JVM.供应商:        Oracle Corporation
25-Oct-2023 19:42:32.420 信息 [main] org.apache.catalina.startup.VersionLoggerListener.log CATALINA_BASE:     E:\server\apache-tomcat-10.1.15
25-Oct-2023 19:42:32.421 信息 [main] org.apache.catalina.startup.VersionLoggerListener.log CATALINA_HOME:     E:\server\apache-tomcat-10.1.15
25-Oct-2023 19:42:32.432 信息 [main] org.apache.catalina.startup.VersionLoggerListener.log 命令行参数：       -Djava.util.logging.config.file=E:\server\apache-tomcat-10.1.15\conf\logging.properties
25-Oct-2023 19:42:32.432 信息 [main] org.apache.catalina.startup.VersionLoggerListener.log 命令行参数：       -Djava.util.logging.manager=org.apache.juli.ClassLoaderLogManager
25-Oct-2023 19:42:32.432 信息 [main] org.apache.catalina.startup.VersionLoggerListener.log 命令行参数：       -Djdk.tls.ephemeralDHKeySize=2048
25-Oct-2023 19:42:32.432 信息 [main] org.apache.catalina.startup.VersionLoggerListener.log 命令行参数：       -Djava.protocol.handler.pkgs=org.apache.catalina.webresources
25-Oct-2023 19:42:32.432 信息 [main] org.apache.catalina.startup.VersionLoggerListener.log 命令行参数：       --add-opens=java.base/java.lang=ALL-UNNAMED
25-Oct-2023 19:42:32.432 信息 [main] org.apache.catalina.startup.VersionLoggerListener.log 命令行参数：       --add-opens=java.base/java.io=ALL-UNNAMED
25-Oct-2023 19:42:32.432 信息 [main] org.apache.catalina.startup.VersionLoggerListener.log 命令行参数：       --add-opens=java.base/java.util=ALL-UNNAMED
25-Oct-2023 19:42:32.432 信息 [main] org.apache.catalina.startup.VersionLoggerListener.log 命令行参数：       --add-opens=java.base/java.util.concurrent=ALL-UNNAMED
25-Oct-2023 19:42:32.432 信息 [main] org.apache.catalina.startup.VersionLoggerListener.log 命令行参数：       --add-opens=java.rmi/sun.rmi.transport=ALL-UNNAMED
25-Oct-2023 19:42:32.432 信息 [main] org.apache.catalina.startup.VersionLoggerListener.log 命令行参数：       -Dcatalina.base=E:\server\apache-tomcat-10.1.15
25-Oct-2023 19:42:32.432 信息 [main] org.apache.catalina.startup.VersionLoggerListener.log 命令行参数：       -Dcatalina.home=E:\server\apache-tomcat-10.1.15
25-Oct-2023 19:42:32.432 信息 [main] org.apache.catalina.startup.VersionLoggerListener.log 命令行参数：       -Djava.io.tmpdir=E:\server\apache-tomcat-10.1.15\temp
25-Oct-2023 19:42:32.432 信息 [main] org.apache.catalina.core.AprLifecycleListener.lifecycleEvent 使用APR版本[1.7.4]加载了基于APR的Apache Tomcat本机库[2.0.6]。
25-Oct-2023 19:42:32.436 信息 [main] org.apache.catalina.core.AprLifecycleListener.initializeSSL OpenSSL成功初始化 [OpenSSL 3.0.11 19 Sep 2023]
25-Oct-2023 19:42:32.558 信息 [main] org.apache.coyote.AbstractProtocol.init 初始化协议处理器 ["http-nio-80"]
25-Oct-2023 19:42:32.575 严重 [main] org.apache.catalina.util.LifecycleBase.handleSubClassException 初始化组件[Connector["http-nio-80"]]失败。
	org.apache.catalina.LifecycleException: 协议处理程序初始化失败
		at org.apache.catalina.connector.Connector.initInternal(Connector.java:1015)
		at org.apache.catalina.util.LifecycleBase.init(LifecycleBase.java:127)
		at org.apache.catalina.core.StandardService.initInternal(StandardService.java:554)
		at org.apache.catalina.util.LifecycleBase.init(LifecycleBase.java:127)
		at org.apache.catalina.core.StandardServer.initInternal(StandardServer.java:1010)
		at org.apache.catalina.util.LifecycleBase.init(LifecycleBase.java:127)
		at org.apache.catalina.startup.Catalina.load(Catalina.java:747)
		at org.apache.catalina.startup.Catalina.load(Catalina.java:769)
		at java.base/jdk.internal.reflect.NativeMethodAccessorImpl.invoke0(Native Method)
		at java.base/jdk.internal.reflect.NativeMethodAccessorImpl.invoke(NativeMethodAccessorImpl.java:77)
		at java.base/jdk.internal.reflect.DelegatingMethodAccessorImpl.invoke(DelegatingMethodAccessorImpl.java:43)
		at java.base/java.lang.reflect.Method.invoke(Method.java:568)
		at org.apache.catalina.startup.Bootstrap.load(Bootstrap.java:307)
		at org.apache.catalina.startup.Bootstrap.main(Bootstrap.java:477)
	Caused by: java.net.BindException: Address already in use: bind
		at java.base/sun.nio.ch.Net.bind0(Native Method)
		at java.base/sun.nio.ch.Net.bind(Net.java:555)
		at java.base/sun.nio.ch.ServerSocketChannelImpl.netBind(ServerSocketChannelImpl.java:337)
		at java.base/sun.nio.ch.ServerSocketChannelImpl.bind(ServerSocketChannelImpl.java:294)
		at org.apache.tomcat.util.net.NioEndpoint.initServerSocket(NioEndpoint.java:247)
		at org.apache.tomcat.util.net.NioEndpoint.bind(NioEndpoint.java:202)
		at org.apache.tomcat.util.net.AbstractEndpoint.bindWithCleanup(AbstractEndpoint.java:1280)
		at org.apache.tomcat.util.net.AbstractEndpoint.init(AbstractEndpoint.java:1293)
		at org.apache.coyote.AbstractProtocol.init(AbstractProtocol.java:624)
		at org.apache.coyote.http11.AbstractHttp11Protocol.init(AbstractHttp11Protocol.java:77)
		at org.apache.catalina.connector.Connector.initInternal(Connector.java:1013)
		... 13 more
25-Oct-2023 19:42:32.576 信息 [main] org.apache.catalina.startup.Catalina.load 服务器在[268]毫秒内初始化
25-Oct-2023 19:42:32.603 信息 [main] org.apache.catalina.core.StandardService.startInternal 正在启动服务[Catalina]
25-Oct-2023 19:42:32.603 信息 [main] org.apache.catalina.core.StandardEngine.startInternal 正在启动 Servlet 引擎：[Apache Tomcat/10.1.15]
25-Oct-2023 19:42:32.603 信息 [main] org.apache.catalina.startup.HostConfig.deployDirectory 把web 应用程序部署到目录 [E:\server\apache-tomcat-10.1.15\webapps\docs]
25-Oct-2023 19:42:32.835 信息 [main] org.apache.catalina.startup.HostConfig.deployDirectory Web应用程序目录[E:\server\apache-tomcat-10.1.15\webapps\docs]的部署已在[232]毫秒内完成
25-Oct-2023 19:42:32.835 信息 [main] org.apache.catalina.startup.HostConfig.deployDirectory 把web 应用程序部署到目录 [E:\server\apache-tomcat-10.1.15\webapps\examples]
25-Oct-2023 19:42:33.136 信息 [main] org.apache.catalina.startup.HostConfig.deployDirectory Web应用程序目录[E:\server\apache-tomcat-10.1.15\webapps\examples]的部署已在[301]毫秒内完成
25-Oct-2023 19:42:33.136 信息 [main] org.apache.catalina.startup.HostConfig.deployDirectory 把web 应用程序部署到目录 [E:\server\apache-tomcat-10.1.15\webapps\host-manager]
25-Oct-2023 19:42:33.155 信息 [main] org.apache.catalina.startup.HostConfig.deployDirectory Web应用程序目录[E:\server\apache-tomcat-10.1.15\webapps\host-manager]的部署已在[19]毫秒内完成
25-Oct-2023 19:42:33.155 信息 [main] org.apache.catalina.startup.HostConfig.deployDirectory 把web 应用程序部署到目录 [E:\server\apache-tomcat-10.1.15\webapps\main]
25-Oct-2023 19:42:33.176 信息 [main] org.apache.catalina.startup.HostConfig.deployDirectory Web应用程序目录[E:\server\apache-tomcat-10.1.15\webapps\main]的部署已在[21]毫秒内完成
25-Oct-2023 19:42:33.176 信息 [main] org.apache.catalina.startup.HostConfig.deployDirectory 把web 应用程序部署到目录 [E:\server\apache-tomcat-10.1.15\webapps\manager]
25-Oct-2023 19:42:33.203 信息 [main] org.apache.catalina.startup.HostConfig.deployDirectory Web应用程序目录[E:\server\apache-tomcat-10.1.15\webapps\manager]的部署已在[27]毫秒内完成
25-Oct-2023 19:42:33.203 信息 [main] org.apache.catalina.startup.HostConfig.deployDirectory 把web 应用程序部署到目录 [E:\server\apache-tomcat-10.1.15\webapps\map]
25-Oct-2023 19:42:33.219 信息 [main] org.apache.catalina.startup.HostConfig.deployDirectory Web应用程序目录[E:\server\apache-tomcat-10.1.15\webapps\map]的部署已在[16]毫秒内完成
25-Oct-2023 19:42:33.219 信息 [main] org.apache.catalina.startup.HostConfig.deployDirectory 把web 应用程序部署到目录 [E:\server\apache-tomcat-10.1.15\webapps\ROOT]
25-Oct-2023 19:42:33.245 信息 [main] org.apache.catalina.startup.HostConfig.deployDirectory Web应用程序目录[E:\server\apache-tomcat-10.1.15\webapps\ROOT]的部署已在[26]毫秒内完成
25-Oct-2023 19:42:33.245 信息 [main] org.apache.catalina.startup.Catalina.start [672]毫秒后服务器启动
25-Oct-2023 19:45:58.263 信息 [main] org.apache.catalina.startup.VersionLoggerListener.log Server.服务器版本: Apache Tomcat/10.1.15
25-Oct-2023 19:45:58.266 信息 [main] org.apache.catalina.startup.VersionLoggerListener.log 服务器构建:        Oct 11 2023 23:38:40 UTC
25-Oct-2023 19:45:58.266 信息 [main] org.apache.catalina.startup.VersionLoggerListener.log 服务器版本号:      10.1.15.0
25-Oct-2023 19:45:58.266 信息 [main] org.apache.catalina.startup.VersionLoggerListener.log 操作系统名称:      Windows 11
25-Oct-2023 19:45:58.266 信息 [main] org.apache.catalina.startup.VersionLoggerListener.log OS.版本:           10.0
25-Oct-2023 19:45:58.266 信息 [main] org.apache.catalina.startup.VersionLoggerListener.log 架构:              amd64
25-Oct-2023 19:45:58.266 信息 [main] org.apache.catalina.startup.VersionLoggerListener.log Java 环境变量:     D:\Program\java\java17
25-Oct-2023 19:45:58.266 信息 [main] org.apache.catalina.startup.VersionLoggerListener.log Java虚拟机版本:    17.0.8+9-LTS-211
25-Oct-2023 19:45:58.266 信息 [main] org.apache.catalina.startup.VersionLoggerListener.log JVM.供应商:        Oracle Corporation
25-Oct-2023 19:45:58.266 信息 [main] org.apache.catalina.startup.VersionLoggerListener.log CATALINA_BASE:     E:\server\apache-tomcat-10.1.15
25-Oct-2023 19:45:58.266 信息 [main] org.apache.catalina.startup.VersionLoggerListener.log CATALINA_HOME:     E:\server\apache-tomcat-10.1.15
25-Oct-2023 19:45:58.272 信息 [main] org.apache.catalina.startup.VersionLoggerListener.log 命令行参数：       -Djava.util.logging.config.file=E:\server\apache-tomcat-10.1.15\conf\logging.properties
25-Oct-2023 19:45:58.272 信息 [main] org.apache.catalina.startup.VersionLoggerListener.log 命令行参数：       -Djava.util.logging.manager=org.apache.juli.ClassLoaderLogManager
25-Oct-2023 19:45:58.272 信息 [main] org.apache.catalina.startup.VersionLoggerListener.log 命令行参数：       -Djdk.tls.ephemeralDHKeySize=2048
25-Oct-2023 19:45:58.272 信息 [main] org.apache.catalina.startup.VersionLoggerListener.log 命令行参数：       -Djava.protocol.handler.pkgs=org.apache.catalina.webresources
25-Oct-2023 19:45:58.272 信息 [main] org.apache.catalina.startup.VersionLoggerListener.log 命令行参数：       --add-opens=java.base/java.lang=ALL-UNNAMED
25-Oct-2023 19:45:58.272 信息 [main] org.apache.catalina.startup.VersionLoggerListener.log 命令行参数：       --add-opens=java.base/java.io=ALL-UNNAMED
25-Oct-2023 19:45:58.272 信息 [main] org.apache.catalina.startup.VersionLoggerListener.log 命令行参数：       --add-opens=java.base/java.util=ALL-UNNAMED
25-Oct-2023 19:45:58.272 信息 [main] org.apache.catalina.startup.VersionLoggerListener.log 命令行参数：       --add-opens=java.base/java.util.concurrent=ALL-UNNAMED
25-Oct-2023 19:45:58.272 信息 [main] org.apache.catalina.startup.VersionLoggerListener.log 命令行参数：       --add-opens=java.rmi/sun.rmi.transport=ALL-UNNAMED
25-Oct-2023 19:45:58.272 信息 [main] org.apache.catalina.startup.VersionLoggerListener.log 命令行参数：       -Dcatalina.base=E:\server\apache-tomcat-10.1.15
25-Oct-2023 19:45:58.272 信息 [main] org.apache.catalina.startup.VersionLoggerListener.log 命令行参数：       -Dcatalina.home=E:\server\apache-tomcat-10.1.15
25-Oct-2023 19:45:58.272 信息 [main] org.apache.catalina.startup.VersionLoggerListener.log 命令行参数：       -Djava.io.tmpdir=E:\server\apache-tomcat-10.1.15\temp
25-Oct-2023 19:45:58.272 信息 [main] org.apache.catalina.core.AprLifecycleListener.lifecycleEvent 使用APR版本[1.7.4]加载了基于APR的Apache Tomcat本机库[2.0.6]。
25-Oct-2023 19:45:58.272 信息 [main] org.apache.catalina.core.AprLifecycleListener.initializeSSL OpenSSL成功初始化 [OpenSSL 3.0.11 19 Sep 2023]
25-Oct-2023 19:45:58.383 信息 [main] org.apache.coyote.AbstractProtocol.init 初始化协议处理器 ["http-nio-80"]
25-Oct-2023 19:45:58.386 严重 [main] org.apache.catalina.util.LifecycleBase.handleSubClassException 初始化组件[Connector["http-nio-80"]]失败。
	org.apache.catalina.LifecycleException: 协议处理程序初始化失败
		at org.apache.catalina.connector.Connector.initInternal(Connector.java:1015)
		at org.apache.catalina.util.LifecycleBase.init(LifecycleBase.java:127)
		at org.apache.catalina.core.StandardService.initInternal(StandardService.java:554)
		at org.apache.catalina.util.LifecycleBase.init(LifecycleBase.java:127)
		at org.apache.catalina.core.StandardServer.initInternal(StandardServer.java:1010)
		at org.apache.catalina.util.LifecycleBase.init(LifecycleBase.java:127)
		at org.apache.catalina.startup.Catalina.load(Catalina.java:747)
		at org.apache.catalina.startup.Catalina.load(Catalina.java:769)
		at java.base/jdk.internal.reflect.NativeMethodAccessorImpl.invoke0(Native Method)
		at java.base/jdk.internal.reflect.NativeMethodAccessorImpl.invoke(NativeMethodAccessorImpl.java:77)
		at java.base/jdk.internal.reflect.DelegatingMethodAccessorImpl.invoke(DelegatingMethodAccessorImpl.java:43)
		at java.base/java.lang.reflect.Method.invoke(Method.java:568)
		at org.apache.catalina.startup.Bootstrap.load(Bootstrap.java:307)
		at org.apache.catalina.startup.Bootstrap.main(Bootstrap.java:477)
	Caused by: java.net.BindException: Address already in use: bind
		at java.base/sun.nio.ch.Net.bind0(Native Method)
		at java.base/sun.nio.ch.Net.bind(Net.java:555)
		at java.base/sun.nio.ch.ServerSocketChannelImpl.netBind(ServerSocketChannelImpl.java:337)
		at java.base/sun.nio.ch.ServerSocketChannelImpl.bind(ServerSocketChannelImpl.java:294)
		at org.apache.tomcat.util.net.NioEndpoint.initServerSocket(NioEndpoint.java:247)
		at org.apache.tomcat.util.net.NioEndpoint.bind(NioEndpoint.java:202)
		at org.apache.tomcat.util.net.AbstractEndpoint.bindWithCleanup(AbstractEndpoint.java:1280)
		at org.apache.tomcat.util.net.AbstractEndpoint.init(AbstractEndpoint.java:1293)
		at org.apache.coyote.AbstractProtocol.init(AbstractProtocol.java:624)
		at org.apache.coyote.http11.AbstractHttp11Protocol.init(AbstractHttp11Protocol.java:77)
		at org.apache.catalina.connector.Connector.initInternal(Connector.java:1013)
		... 13 more
25-Oct-2023 19:45:58.393 信息 [main] org.apache.catalina.startup.Catalina.load 服务器在[222]毫秒内初始化
25-Oct-2023 19:45:58.408 信息 [main] org.apache.catalina.core.StandardService.startInternal 正在启动服务[Catalina]
25-Oct-2023 19:45:58.408 信息 [main] org.apache.catalina.core.StandardEngine.startInternal 正在启动 Servlet 引擎：[Apache Tomcat/10.1.15]
25-Oct-2023 19:45:58.408 信息 [main] org.apache.catalina.startup.HostConfig.deployDirectory 把web 应用程序部署到目录 [E:\server\apache-tomcat-10.1.15\webapps\docs]
25-Oct-2023 19:45:58.630 信息 [main] org.apache.catalina.startup.HostConfig.deployDirectory Web应用程序目录[E:\server\apache-tomcat-10.1.15\webapps\docs]的部署已在[222]毫秒内完成
25-Oct-2023 19:45:58.630 信息 [main] org.apache.catalina.startup.HostConfig.deployDirectory 把web 应用程序部署到目录 [E:\server\apache-tomcat-10.1.15\webapps\examples]
25-Oct-2023 19:45:58.914 信息 [main] org.apache.catalina.startup.HostConfig.deployDirectory Web应用程序目录[E:\server\apache-tomcat-10.1.15\webapps\examples]的部署已在[284]毫秒内完成
25-Oct-2023 19:45:58.914 信息 [main] org.apache.catalina.startup.HostConfig.deployDirectory 把web 应用程序部署到目录 [E:\server\apache-tomcat-10.1.15\webapps\host-manager]
25-Oct-2023 19:45:58.946 信息 [main] org.apache.catalina.startup.HostConfig.deployDirectory Web应用程序目录[E:\server\apache-tomcat-10.1.15\webapps\host-manager]的部署已在[32]毫秒内完成
25-Oct-2023 19:45:58.946 信息 [main] org.apache.catalina.startup.HostConfig.deployDirectory 把web 应用程序部署到目录 [E:\server\apache-tomcat-10.1.15\webapps\main]
25-Oct-2023 19:45:58.946 信息 [main] org.apache.catalina.startup.HostConfig.deployDirectory Web应用程序目录[E:\server\apache-tomcat-10.1.15\webapps\main]的部署已在[0]毫秒内完成
25-Oct-2023 19:45:58.946 信息 [main] org.apache.catalina.startup.HostConfig.deployDirectory 把web 应用程序部署到目录 [E:\server\apache-tomcat-10.1.15\webapps\manager]
25-Oct-2023 19:45:58.986 信息 [main] org.apache.catalina.startup.HostConfig.deployDirectory Web应用程序目录[E:\server\apache-tomcat-10.1.15\webapps\manager]的部署已在[40]毫秒内完成
25-Oct-2023 19:45:58.986 信息 [main] org.apache.catalina.startup.HostConfig.deployDirectory 把web 应用程序部署到目录 [E:\server\apache-tomcat-10.1.15\webapps\map]
25-Oct-2023 19:45:58.995 信息 [main] org.apache.catalina.startup.HostConfig.deployDirectory Web应用程序目录[E:\server\apache-tomcat-10.1.15\webapps\map]的部署已在[9]毫秒内完成
25-Oct-2023 19:45:58.995 信息 [main] org.apache.catalina.startup.HostConfig.deployDirectory 把web 应用程序部署到目录 [E:\server\apache-tomcat-10.1.15\webapps\ROOT]
25-Oct-2023 19:45:59.011 信息 [main] org.apache.catalina.startup.HostConfig.deployDirectory Web应用程序目录[E:\server\apache-tomcat-10.1.15\webapps\ROOT]的部署已在[16]毫秒内完成
25-Oct-2023 19:45:59.011 信息 [main] org.apache.catalina.startup.Catalina.start [626]毫秒后服务器启动
25-Oct-2023 19:48:49.184 信息 [Catalina-utility-2] org.apache.catalina.startup.HostConfig.reload 重新加载上下文[]
25-Oct-2023 19:48:49.184 信息 [Catalina-utility-2] org.apache.catalina.core.StandardContext.reload 已开始重新加载名为[]的上下文
25-Oct-2023 19:48:49.199 信息 [Catalina-utility-2] org.apache.catalina.core.StandardContext.reload 已完成重新加载名为[]的上下文
25-Oct-2023 19:52:38.410 信息 [main] org.apache.catalina.startup.VersionLoggerListener.log Server.服务器版本: Apache Tomcat/10.1.15
25-Oct-2023 19:52:38.412 信息 [main] org.apache.catalina.startup.VersionLoggerListener.log 服务器构建:        Oct 11 2023 23:38:40 UTC
25-Oct-2023 19:52:38.413 信息 [main] org.apache.catalina.startup.VersionLoggerListener.log 服务器版本号:      10.1.15.0
25-Oct-2023 19:52:38.413 信息 [main] org.apache.catalina.startup.VersionLoggerListener.log 操作系统名称:      Windows 11
25-Oct-2023 19:52:38.413 信息 [main] org.apache.catalina.startup.VersionLoggerListener.log OS.版本:           10.0
25-Oct-2023 19:52:38.413 信息 [main] org.apache.catalina.startup.VersionLoggerListener.log 架构:              amd64
25-Oct-2023 19:52:38.413 信息 [main] org.apache.catalina.startup.VersionLoggerListener.log Java 环境变量:     D:\Program\java\java17
25-Oct-2023 19:52:38.413 信息 [main] org.apache.catalina.startup.VersionLoggerListener.log Java虚拟机版本:    17.0.8+9-LTS-211
25-Oct-2023 19:52:38.414 信息 [main] org.apache.catalina.startup.VersionLoggerListener.log JVM.供应商:        Oracle Corporation
25-Oct-2023 19:52:38.414 信息 [main] org.apache.catalina.startup.VersionLoggerListener.log CATALINA_BASE:     E:\server\apache-tomcat-10.1.15
25-Oct-2023 19:52:38.414 信息 [main] org.apache.catalina.startup.VersionLoggerListener.log CATALINA_HOME:     E:\server\apache-tomcat-10.1.15
25-Oct-2023 19:52:38.419 信息 [main] org.apache.catalina.startup.VersionLoggerListener.log 命令行参数：       -Djava.util.logging.config.file=E:\server\apache-tomcat-10.1.15\conf\logging.properties
25-Oct-2023 19:52:38.419 信息 [main] org.apache.catalina.startup.VersionLoggerListener.log 命令行参数：       -Djava.util.logging.manager=org.apache.juli.ClassLoaderLogManager
25-Oct-2023 19:52:38.419 信息 [main] org.apache.catalina.startup.VersionLoggerListener.log 命令行参数：       -Djdk.tls.ephemeralDHKeySize=2048
25-Oct-2023 19:52:38.419 信息 [main] org.apache.catalina.startup.VersionLoggerListener.log 命令行参数：       -Djava.protocol.handler.pkgs=org.apache.catalina.webresources
25-Oct-2023 19:52:38.419 信息 [main] org.apache.catalina.startup.VersionLoggerListener.log 命令行参数：       --add-opens=java.base/java.lang=ALL-UNNAMED
25-Oct-2023 19:52:38.419 信息 [main] org.apache.catalina.startup.VersionLoggerListener.log 命令行参数：       --add-opens=java.base/java.io=ALL-UNNAMED
25-Oct-2023 19:52:38.420 信息 [main] org.apache.catalina.startup.VersionLoggerListener.log 命令行参数：       --add-opens=java.base/java.util=ALL-UNNAMED
25-Oct-2023 19:52:38.420 信息 [main] org.apache.catalina.startup.VersionLoggerListener.log 命令行参数：       --add-opens=java.base/java.util.concurrent=ALL-UNNAMED
25-Oct-2023 19:52:38.420 信息 [main] org.apache.catalina.startup.VersionLoggerListener.log 命令行参数：       --add-opens=java.rmi/sun.rmi.transport=ALL-UNNAMED
25-Oct-2023 19:52:38.420 信息 [main] org.apache.catalina.startup.VersionLoggerListener.log 命令行参数：       -Dcatalina.base=E:\server\apache-tomcat-10.1.15
25-Oct-2023 19:52:38.420 信息 [main] org.apache.catalina.startup.VersionLoggerListener.log 命令行参数：       -Dcatalina.home=E:\server\apache-tomcat-10.1.15
25-Oct-2023 19:52:38.420 信息 [main] org.apache.catalina.startup.VersionLoggerListener.log 命令行参数：       -Djava.io.tmpdir=E:\server\apache-tomcat-10.1.15\temp
25-Oct-2023 19:52:38.422 信息 [main] org.apache.catalina.core.AprLifecycleListener.lifecycleEvent 使用APR版本[1.7.4]加载了基于APR的Apache Tomcat本机库[2.0.6]。
25-Oct-2023 19:52:38.426 信息 [main] org.apache.catalina.core.AprLifecycleListener.initializeSSL OpenSSL成功初始化 [OpenSSL 3.0.11 19 Sep 2023]
25-Oct-2023 19:52:38.536 信息 [main] org.apache.coyote.AbstractProtocol.init 初始化协议处理器 ["http-nio-8000"]
25-Oct-2023 19:52:38.547 信息 [main] org.apache.catalina.startup.Catalina.load 服务器在[235]毫秒内初始化
25-Oct-2023 19:52:38.580 信息 [main] org.apache.catalina.core.StandardService.startInternal 正在启动服务[Catalina]
25-Oct-2023 19:52:38.580 信息 [main] org.apache.catalina.core.StandardEngine.startInternal 正在启动 Servlet 引擎：[Apache Tomcat/10.1.15]
25-Oct-2023 19:52:38.586 信息 [main] org.apache.catalina.startup.HostConfig.deployDirectory 把web 应用程序部署到目录 [E:\server\apache-tomcat-10.1.15\webapps\docs]
25-Oct-2023 19:52:38.798 信息 [main] org.apache.catalina.startup.HostConfig.deployDirectory Web应用程序目录[E:\server\apache-tomcat-10.1.15\webapps\docs]的部署已在[211]毫秒内完成
25-Oct-2023 19:52:38.798 信息 [main] org.apache.catalina.startup.HostConfig.deployDirectory 把web 应用程序部署到目录 [E:\server\apache-tomcat-10.1.15\webapps\examples]
25-Oct-2023 19:52:39.083 信息 [main] org.apache.catalina.startup.HostConfig.deployDirectory Web应用程序目录[E:\server\apache-tomcat-10.1.15\webapps\examples]的部署已在[285]毫秒内完成
25-Oct-2023 19:52:39.083 信息 [main] org.apache.catalina.startup.HostConfig.deployDirectory 把web 应用程序部署到目录 [E:\server\apache-tomcat-10.1.15\webapps\host-manager]
25-Oct-2023 19:52:39.118 信息 [main] org.apache.catalina.startup.HostConfig.deployDirectory Web应用程序目录[E:\server\apache-tomcat-10.1.15\webapps\host-manager]的部署已在[35]毫秒内完成
25-Oct-2023 19:52:39.118 信息 [main] org.apache.catalina.startup.HostConfig.deployDirectory 把web 应用程序部署到目录 [E:\server\apache-tomcat-10.1.15\webapps\main]
25-Oct-2023 19:52:39.132 信息 [main] org.apache.catalina.startup.HostConfig.deployDirectory Web应用程序目录[E:\server\apache-tomcat-10.1.15\webapps\main]的部署已在[14]毫秒内完成
25-Oct-2023 19:52:39.132 信息 [main] org.apache.catalina.startup.HostConfig.deployDirectory 把web 应用程序部署到目录 [E:\server\apache-tomcat-10.1.15\webapps\manager]
25-Oct-2023 19:52:39.163 信息 [main] org.apache.catalina.startup.HostConfig.deployDirectory Web应用程序目录[E:\server\apache-tomcat-10.1.15\webapps\manager]的部署已在[31]毫秒内完成
25-Oct-2023 19:52:39.163 信息 [main] org.apache.catalina.startup.HostConfig.deployDirectory 把web 应用程序部署到目录 [E:\server\apache-tomcat-10.1.15\webapps\map]
25-Oct-2023 19:52:39.164 信息 [main] org.apache.catalina.startup.HostConfig.deployDirectory Web应用程序目录[E:\server\apache-tomcat-10.1.15\webapps\map]的部署已在[1]毫秒内完成
25-Oct-2023 19:52:39.164 信息 [main] org.apache.catalina.startup.HostConfig.deployDirectory 把web 应用程序部署到目录 [E:\server\apache-tomcat-10.1.15\webapps\ROOT]
25-Oct-2023 19:52:39.192 信息 [main] org.apache.catalina.startup.HostConfig.deployDirectory Web应用程序目录[E:\server\apache-tomcat-10.1.15\webapps\ROOT]的部署已在[28]毫秒内完成
25-Oct-2023 19:52:39.196 信息 [main] org.apache.coyote.AbstractProtocol.start 开始协议处理句柄["http-nio-8000"]
25-Oct-2023 19:52:39.261 信息 [main] org.apache.catalina.startup.Catalina.start [710]毫秒后服务器启动
25-Oct-2023 19:53:49.259 信息 [Catalina-utility-2] org.apache.catalina.startup.HostConfig.reload 重新加载上下文[]
25-Oct-2023 19:53:49.259 信息 [Catalina-utility-2] org.apache.catalina.core.StandardContext.reload 已开始重新加载名为[]的上下文
25-Oct-2023 19:53:49.275 信息 [Catalina-utility-2] org.apache.catalina.core.StandardContext.reload 已完成重新加载名为[]的上下文
25-Oct-2023 19:54:03.022 信息 [main] org.apache.catalina.startup.VersionLoggerListener.log Server.服务器版本: Apache Tomcat/10.1.15
25-Oct-2023 19:54:03.029 信息 [main] org.apache.catalina.startup.VersionLoggerListener.log 服务器构建:        Oct 11 2023 23:38:40 UTC
25-Oct-2023 19:54:03.029 信息 [main] org.apache.catalina.startup.VersionLoggerListener.log 服务器版本号:      10.1.15.0
25-Oct-2023 19:54:03.029 信息 [main] org.apache.catalina.startup.VersionLoggerListener.log 操作系统名称:      Windows 11
25-Oct-2023 19:54:03.029 信息 [main] org.apache.catalina.startup.VersionLoggerListener.log OS.版本:           10.0
25-Oct-2023 19:54:03.029 信息 [main] org.apache.catalina.startup.VersionLoggerListener.log 架构:              amd64
25-Oct-2023 19:54:03.029 信息 [main] org.apache.catalina.startup.VersionLoggerListener.log Java 环境变量:     D:\Program\java\java17
25-Oct-2023 19:54:03.029 信息 [main] org.apache.catalina.startup.VersionLoggerListener.log Java虚拟机版本:    17.0.8+9-LTS-211
25-Oct-2023 19:54:03.029 信息 [main] org.apache.catalina.startup.VersionLoggerListener.log JVM.供应商:        Oracle Corporation
25-Oct-2023 19:54:03.029 信息 [main] org.apache.catalina.startup.VersionLoggerListener.log CATALINA_BASE:     E:\server\apache-tomcat-10.1.15
25-Oct-2023 19:54:03.029 信息 [main] org.apache.catalina.startup.VersionLoggerListener.log CATALINA_HOME:     E:\server\apache-tomcat-10.1.15
25-Oct-2023 19:54:03.036 信息 [main] org.apache.catalina.startup.VersionLoggerListener.log 命令行参数：       -Djava.util.logging.config.file=E:\server\apache-tomcat-10.1.15\conf\logging.properties
25-Oct-2023 19:54:03.036 信息 [main] org.apache.catalina.startup.VersionLoggerListener.log 命令行参数：       -Djava.util.logging.manager=org.apache.juli.ClassLoaderLogManager
25-Oct-2023 19:54:03.036 信息 [main] org.apache.catalina.startup.VersionLoggerListener.log 命令行参数：       -Djdk.tls.ephemeralDHKeySize=2048
25-Oct-2023 19:54:03.036 信息 [main] org.apache.catalina.startup.VersionLoggerListener.log 命令行参数：       -Djava.protocol.handler.pkgs=org.apache.catalina.webresources
25-Oct-2023 19:54:03.036 信息 [main] org.apache.catalina.startup.VersionLoggerListener.log 命令行参数：       --add-opens=java.base/java.lang=ALL-UNNAMED
25-Oct-2023 19:54:03.036 信息 [main] org.apache.catalina.startup.VersionLoggerListener.log 命令行参数：       --add-opens=java.base/java.io=ALL-UNNAMED
25-Oct-2023 19:54:03.036 信息 [main] org.apache.catalina.startup.VersionLoggerListener.log 命令行参数：       --add-opens=java.base/java.util=ALL-UNNAMED
25-Oct-2023 19:54:03.036 信息 [main] org.apache.catalina.startup.VersionLoggerListener.log 命令行参数：       --add-opens=java.base/java.util.concurrent=ALL-UNNAMED
25-Oct-2023 19:54:03.036 信息 [main] org.apache.catalina.startup.VersionLoggerListener.log 命令行参数：       --add-opens=java.rmi/sun.rmi.transport=ALL-UNNAMED
25-Oct-2023 19:54:03.036 信息 [main] org.apache.catalina.startup.VersionLoggerListener.log 命令行参数：       -Dcatalina.base=E:\server\apache-tomcat-10.1.15
25-Oct-2023 19:54:03.036 信息 [main] org.apache.catalina.startup.VersionLoggerListener.log 命令行参数：       -Dcatalina.home=E:\server\apache-tomcat-10.1.15
25-Oct-2023 19:54:03.036 信息 [main] org.apache.catalina.startup.VersionLoggerListener.log 命令行参数：       -Djava.io.tmpdir=E:\server\apache-tomcat-10.1.15\temp
25-Oct-2023 19:54:03.036 信息 [main] org.apache.catalina.core.AprLifecycleListener.lifecycleEvent 使用APR版本[1.7.4]加载了基于APR的Apache Tomcat本机库[2.0.6]。
25-Oct-2023 19:54:03.036 信息 [main] org.apache.catalina.core.AprLifecycleListener.initializeSSL OpenSSL成功初始化 [OpenSSL 3.0.11 19 Sep 2023]
25-Oct-2023 19:54:03.146 信息 [main] org.apache.coyote.AbstractProtocol.init 初始化协议处理器 ["http-nio-8000"]
25-Oct-2023 19:54:03.162 信息 [main] org.apache.catalina.startup.Catalina.load 服务器在[234]毫秒内初始化
25-Oct-2023 19:54:03.193 信息 [main] org.apache.catalina.core.StandardService.startInternal 正在启动服务[Catalina]
25-Oct-2023 19:54:03.193 信息 [main] org.apache.catalina.core.StandardEngine.startInternal 正在启动 Servlet 引擎：[Apache Tomcat/10.1.15]
25-Oct-2023 19:54:03.193 信息 [main] org.apache.catalina.startup.HostConfig.deployDirectory 把web 应用程序部署到目录 [E:\server\apache-tomcat-10.1.15\webapps\docs]
25-Oct-2023 19:54:03.413 信息 [main] org.apache.catalina.startup.HostConfig.deployDirectory Web应用程序目录[E:\server\apache-tomcat-10.1.15\webapps\docs]的部署已在[220]毫秒内完成
25-Oct-2023 19:54:03.413 信息 [main] org.apache.catalina.startup.HostConfig.deployDirectory 把web 应用程序部署到目录 [E:\server\apache-tomcat-10.1.15\webapps\examples]
25-Oct-2023 19:54:03.712 信息 [main] org.apache.catalina.startup.HostConfig.deployDirectory Web应用程序目录[E:\server\apache-tomcat-10.1.15\webapps\examples]的部署已在[299]毫秒内完成
25-Oct-2023 19:54:03.712 信息 [main] org.apache.catalina.startup.HostConfig.deployDirectory 把web 应用程序部署到目录 [E:\server\apache-tomcat-10.1.15\webapps\host-manager]
25-Oct-2023 19:54:03.743 信息 [main] org.apache.catalina.startup.HostConfig.deployDirectory Web应用程序目录[E:\server\apache-tomcat-10.1.15\webapps\host-manager]的部署已在[16]毫秒内完成
25-Oct-2023 19:54:03.743 信息 [main] org.apache.catalina.startup.HostConfig.deployDirectory 把web 应用程序部署到目录 [E:\server\apache-tomcat-10.1.15\webapps\main]
25-Oct-2023 19:54:03.759 信息 [main] org.apache.catalina.startup.HostConfig.deployDirectory Web应用程序目录[E:\server\apache-tomcat-10.1.15\webapps\main]的部署已在[16]毫秒内完成
25-Oct-2023 19:54:03.759 信息 [main] org.apache.catalina.startup.HostConfig.deployDirectory 把web 应用程序部署到目录 [E:\server\apache-tomcat-10.1.15\webapps\manager]
25-Oct-2023 19:54:03.775 信息 [main] org.apache.catalina.startup.HostConfig.deployDirectory Web应用程序目录[E:\server\apache-tomcat-10.1.15\webapps\manager]的部署已在[16]毫秒内完成
25-Oct-2023 19:54:03.775 信息 [main] org.apache.catalina.startup.HostConfig.deployDirectory 把web 应用程序部署到目录 [E:\server\apache-tomcat-10.1.15\webapps\map]
25-Oct-2023 19:54:03.790 信息 [main] org.apache.catalina.startup.HostConfig.deployDirectory Web应用程序目录[E:\server\apache-tomcat-10.1.15\webapps\map]的部署已在[15]毫秒内完成
25-Oct-2023 19:54:03.790 信息 [main] org.apache.catalina.startup.HostConfig.deployDirectory 把web 应用程序部署到目录 [E:\server\apache-tomcat-10.1.15\webapps\ROOT]
25-Oct-2023 19:54:03.807 信息 [main] org.apache.catalina.startup.HostConfig.deployDirectory Web应用程序目录[E:\server\apache-tomcat-10.1.15\webapps\ROOT]的部署已在[17]毫秒内完成
25-Oct-2023 19:54:03.823 信息 [main] org.apache.coyote.AbstractProtocol.start 开始协议处理句柄["http-nio-8000"]
25-Oct-2023 19:54:03.886 信息 [main] org.apache.catalina.startup.Catalina.start [721]毫秒后服务器启动
25-Oct-2023 19:56:24.505 信息 [Catalina-utility-2] org.apache.catalina.startup.HostConfig.undeploy 正在取消部署上下文[/main]
25-Oct-2023 19:56:54.550 信息 [Catalina-utility-1] org.apache.catalina.startup.HostConfig.reload 重新加载上下文[]
25-Oct-2023 19:56:54.550 信息 [Catalina-utility-1] org.apache.catalina.core.StandardContext.reload 已开始重新加载名为[]的上下文
25-Oct-2023 19:56:54.566 信息 [Catalina-utility-1] org.apache.catalina.core.StandardContext.reload 已完成重新加载名为[]的上下文
25-Oct-2023 19:57:44.637 信息 [Catalina-utility-1] org.apache.catalina.startup.HostConfig.deployDirectory 把web 应用程序部署到目录 [E:\server\apache-tomcat-10.1.15\webapps\main]
25-Oct-2023 19:57:44.653 信息 [Catalina-utility-1] org.apache.catalina.startup.HostConfig.deployDirectory Web应用程序目录[E:\server\apache-tomcat-10.1.15\webapps\main]的部署已在[16]毫秒内完成
25-Oct-2023 19:59:24.782 信息 [Catalina-utility-2] org.apache.catalina.startup.HostConfig.deployDirectory 把web 应用程序部署到目录 [E:\server\apache-tomcat-10.1.15\webapps\game]
25-Oct-2023 19:59:24.793 信息 [Catalina-utility-2] org.apache.catalina.startup.HostConfig.deployDirectory Web应用程序目录[E:\server\apache-tomcat-10.1.15\webapps\game]的部署已在[11]毫秒内完成
